Backing /etc/kernel-img.conf up...
Backing /etc/ld.so.conf up...
Backing /etc/libaudit.conf up...
Backing /etc/logrotate.conf up...
Backing /etc/ltrace.conf up...
Backing /etc/mke2fs.conf up...
Backing /bin/kbd_mode up...
Backing /bin/keyctl up...
Backing /bin/kill up...
Backing /bin/kmod up...
Backing /bin/less up...
Backing /bin/lessecho up...
Backing /bin/lessfile up...
Backing /bin/lesskey up...
Backing /bin/lesspipe up...
Backing /bin/ln up...
Backing /bin/loadkeys up...
Backing /bin/login up...
Backing /bin/loginctl up...
Backing /bin/lowntfs-3g up...
Backing /bin/ls up...
Backing /bin/lsblk up...
Backing /bin/lsmod up...
Backing /bin/mkdir up...
Backing /bin/mkfs.btrfs up...
Backing /bin/mknod up...
Backing /bin/mktemp up...
Backing /bin/more up...
Backing /bin/mount up...
Backing /bin/mountpoint up...
Backing /bin/mt up...
Backing /bin/mt-gnu up...
Backing /bin/mv up...
